make all --print-data-base --no-builtin-variables --no-builtin-rules --question
make: *** No rule to make target 'all'.  Stop.

# GNU Make 4.1
# Built for x86_64-pc-linux-gnu
# Copyright (C) 1988-2014 Free Software Foundation, Inc.
# License GPLv3+: GNU GPL version 3 or later <http://gnu.org/licenses/gpl.html>
# This is free software: you are free to change and redistribute it.
# There is NO WARRANTY, to the extent permitted by law.

# Make data base, printed on Thu Jul 28 17:22:38 2022

# Variables

# automatic
<D = $(patsubst %/,%,$(dir $<))
# automatic
?F = $(notdir $?)
# environment
PAPERSIZE = letter
# environment
DESKTOP_SESSION = ubuntu
# default
.SHELLFLAGS := -c
# makefile (from 'Makefile', line 10)
OBJ = $(patsubst %.c, %.o, $(C_SOURCES))
# environment
XDG_SESSION_TYPE = x11
# environment
UPSTART_INSTANCE = 
# makefile (from 'Makefile', line 11)
TARGET = gateway-daemon
# automatic
?D = $(patsubst %/,%,$(dir $?))
# makefile (from 'Makefile', line 6)
INCLUDES = -I ./include -I ./include/curl
# environment
BUILDPATH = /home/imx6/project/gateway/build
# automatic
@D = $(patsubst %/,%,$(dir $@))
# environment
XAUTHORITY = /home/imx6/.Xauthority
# environment
GDMSESSION = ubuntu
# environment
XMODIFIERS = @im=fcitx
# makefile
CURDIR := /home/imx6/work/gateway-daemon
# makefile
SHELL = /bin/sh
# environment
UPSTART_JOB = unity7
# environment
VSCODE_NLS_CONFIG = {"locale":"zh-cn","availableLanguages":{"*":"zh-cn"},"_languagePackId":"1d735750dbb1b9066c7513078396ba0f.zh-cn","_translationsConfigFile":"/home/imx6/.config/Code/clp/1d735750dbb1b9066c7513078396ba0f.zh-cn/tcf.json","_cacheRoot":"/home/imx6/.config/Code/clp/1d735750dbb1b9066c7513078396ba0f.zh-cn","_resolvedLanguagePackCoreLocation":"/home/imx6/.config/Code/clp/1d735750dbb1b9066c7513078396ba0f.zh-cn/3b889b090b5ad5793f524b5d1d39fda662b96a2a","_corruptedFile":"/home/imx6/.config/Code/clp/1d735750dbb1b9066c7513078396ba0f.zh-cn/corrupted.info","_languagePackSupport":true}
# environment
_ = /usr/share/code/code
# makefile (from 'Makefile', line 4)
CFLAGS = -Wall -g
# environment
XDG_CONFIG_DIRS = /etc/xdg/xdg-ubuntu:/usr/share/upstart/xdg:/etc/xdg
# environment
OUTPATH = /home/imx6/project/gateway/build/ubuntu
# makefile (from 'Makefile', line 1)
MAKEFILE_LIST :=  Makefile
# automatic
@F = $(notdir $@)
# environment
GIO_LAUNCHED_DESKTOP_FILE = /usr/share/applications/code.desktop
# environment
MVN_PATH = /home/imx6/tools/apache-maven-3.8.4
# makefile (from 'Makefile', line 3)
DEBUG = -DUSE_DEBUG
# 'override' directive
GNUMAKEFLAGS := 
# environment
SESSIONTYPE = gnome-session
# environment
MAKELEVEL := 0
# environment
MANDATORY_PATH = /usr/share/gconf/ubuntu.mandatory.path
# environment
XDG_DATA_DIRS = /usr/share/ubuntu:/usr/share/gnome:/usr/local/share/:/usr/share/
# environment
DBUS_SESSION_BUS_ADDRESS = unix:abstract=/tmp/dbus-3aKsOQZQyU
# environment
UNITY_DEFAULT_PROFILE = unity
# environment
CLUTTER_IM_MODULE = xim
# environment
LESSOPEN = | /usr/bin/lesspipe %s
# environment
LC_NAME = en_US.UTF-8
# environment
VSCODE_CWD = /home/imx6
# environment
XDG_SESSION_PATH = /org/freedesktop/DisplayManager/Session0
# default
MAKE_HOST := x86_64-pc-linux-gnu
# environment
PATH = /home/imx6/project/gateway/build/ubuntu/bin:/home/imx6/toolchain/bin:/usr/local/nsq-1.2.0/bin:/home/imx6/tools/apache-maven-3.8.4/bin:/usr/local/node-v16.13.2-linux-x64/bin:/usr/local/python37/bin:/usr/local/git/bin:/opt/clion-2021.1.2/bin:/home/imx6/toolchain/bin:/home/imx6/bin:/home/imx6/.local/bin:/usr/local/nsq-1.2.0/bin:/home/imx6/tools/apache-maven-3.8.4/bin:/usr/local/node-v16.13.2-linux-x64/bin:/usr/local/python37/bin:/usr/local/git/bin:/opt/clion-2021.1.2/bin:/home/imx6/toolchain/bin:/usr/local/sbin:/usr/local/bin:/usr/sbin:/usr/bin:/sbin:/bin:/usr/games:/usr/local/games:/snap/bin:/home/imx6/tools/go/bin:/home/imx6/tools/gopath/bin:/home/imx6/tools/go/bin:/home/imx6/tools/gopath/bin
# environment
PLAT = ubuntu
# environment
UNITY_HAS_3D_SUPPORT = true
# environment
GPG_AGENT_INFO = /home/imx6/.gnupg/S.gpg-agent:0:1
# environment
SRCPATH = /home/imx6/project/gateway/source
# environment
SESSION_MANAGER = local/ubuntu:@/tmp/.ICE-unix/3138,unix/ubuntu:/tmp/.ICE-unix/3138
# environment
XDG_RUNTIME_DIR = /run/user/1000
# makefile (from 'Makefile', line 7)
LIB_NAMES = -lpthread -levent
# environment
GOPATH = /home/imx6/tools/gopath
# environment
XDG_MENU_PREFIX = gnome-
# environment
ELECTRON_RUN_AS_NODE = 1
# default
.FEATURES := target-specific order-only second-expansion else-if shortest-stem undefine oneshell archives jobserver output-sync check-symlink load
# environment
SESSION = ubuntu
# environment
XDG_GREETER_DATA_DIR = /var/lib/lightdm-data/imx6
# environment
LS_COLORS = 
# environment
JOB = unity-settings-daemon
# environment
XDG_SESSION_DESKTOP = ubuntu
# environment
SSH_AUTH_SOCK = /run/user/1000/keyring/ssh
# environment
GIO_LAUNCHED_DESKTOP_FILE_PID = 35831
# automatic
%F = $(notdir $%)
# environment
DISPLAY = :0
# environment
GTK_IM_MODULE = fcitx
# environment
PWD = /home/imx6/work/gateway-daemon
# environment
QT_QPA_PLATFORMTHEME = appmenu-qt5
# environment
XDG_SEAT = seat0
# environment
GDM_LANG = en_US
# environment
ORIGINAL_XDG_CURRENT_DESKTOP = Unity
# environment
GTK_MODULES = gail:atk-bridge:unity-gtk-module
# environment
VSCODE_AMD_ENTRYPOINT = vs/workbench/api/node/extensionHostProcess
# environment
HOME = /home/imx6
# makefile (from 'Makefile', line 1)
home = /home/imx6/work/gateway-daemon
# environment
LD_LIBRARY_PATH = /usr/local/postgresql/lib:/home/imx6/project/gateway/build/ubuntu/lib:/usr/arm-linux-gnueabihf/lib/:
# environment
LESSCLOSE = /usr/bin/lesspipe %s %s
# environment
VSCODE_CODE_CACHE_PATH = /home/imx6/.config/Code/CachedData/3b889b090b5ad5793f524b5d1d39fda662b96a2a
# environment
LOGNAME = imx6
# environment
QT_LINUX_ACCESSIBILITY_ALWAYS_ON = 1
# environment
APPLICATION_INSIGHTS_NO_DIAGNOSTIC_CHANNEL = true
# automatic
+F = $(notdir $+)
# environment
VSCODE_HANDLES_UNCAUGHT_ERRORS = true
# default
MAKE_VERSION := 4.1
# environment
GNOME_DESKTOP_SESSION_ID = this-is-deprecated
# automatic
^D = $(patsubst %/,%,$(dir $^))
# environment
XDG_VTNR = 7
# environment
LC_TIME = en_US.UTF-8
# default
MAKE = $(MAKE_COMMAND)
# default
MAKECMDGOALS := all
# environment
QT_IM_MODULE = fcitx
# environment
SHLVL = 1
# makefile (from 'Makefile', line 2)
CC = g++
# environment
IM_CONFIG_PHASE = 1
# environment
COMPIZ_CONFIG_PROFILE = ubuntu
# environment
XDG_SESSION_ID = c2
# environment
USER = imx6
# environment
LC_MONETARY = en_US.UTF-8
# makefile
.DEFAULT_GOAL := gateway-daemon
# environment
XDG_CURRENT_DESKTOP = Unity
# environment
GOROOT = /home/imx6/tools/go
# environment
UPSTART_EVENTS = xsession started
# automatic
%D = $(patsubst %/,%,$(dir $%))
# environment
GNOME_KEYRING_PID = 
# environment
LC_TELEPHONE = en_US.UTF-8
# default
MAKE_COMMAND := make
# default
.VARIABLES := 
# automatic
*F = $(notdir $*)
# environment
LANGUAGE = en_US:en
# environment
XDG_SEAT_PATH = /org/freedesktop/DisplayManager/Seat0
# environment
VSCODE_IPC_HOOK = /run/user/1000/vscode-77a803e1-1.69.2-main.sock
# environment
GNOME_KEYRING_CONTROL = 
# makefile
MAKEFLAGS = pqrR
# makefile (from 'Makefile', line 8)
LIB_PATH = -L ${home}/lib
# environment
MFLAGS = -pqrR
# automatic
*D = $(patsubst %/,%,$(dir $*))
# automatic
+D = $(patsubst %/,%,$(dir $+))
# environment
GDK_BACKEND = x11
# environment
LC_PAPER = en_US.UTF-8
# environment
GTK2_MODULES = overlay-scrollbar
# environment
QT_ACCESSIBILITY = 1
# environment
COMPIZ_BIN_PATH = /usr/bin/
# environment
DEFAULTS_PATH = /usr/share/gconf/ubuntu.default.path
# default
MAKEFILES := 
# environment
UPSTART_SESSION = unix:abstract=/com/ubuntu/upstart-session/1000/2933
# environment
LC_NUMERIC = en_US.UTF-8
# automatic
<F = $(notdir $<)
# environment
LC_MEASUREMENT = en_US.UTF-8
# environment
INSTANCE = 
# environment
LC_ALL = C
# environment
QT4_IM_MODULE = fcitx
# automatic
^F = $(notdir $^)
# makefile (from 'Makefile', line 5)
C_SOURCES = $(wildcard  ./src/*.c)
# default
SUFFIXES := 
# environment
 
GOTOOLS = /home/imx6/tools/go/pkg/tool
# environment
CHROME_DESKTOP = code-url-handler.desktop
# default
.INCLUDE_DIRS = /usr/include /usr/local/include /usr/include
# environment
LC_IDENTIFICATION = en_US.UTF-8
# environment
PROROOT = /home/imx6/project/gateway
# default
.RECIPEPREFIX := 
# environment
LC_ADDRESS = en_US.UTF-8
# environment
LANG = C
# environment
VSCODE_PID = 35831
# variable set hash-table stats:
# Load=141/1024=14%, Rehash=0, Collisions=18/169=11%

# Pattern-specific Variable Values

# No pattern-specific variable values.

# Directories

# . (device 2049, inode 8916858): 8 files, no impossibilities.
# ./src (device 2049, inode 8916862): 9 files, no impossibilities.

# 17 files, no impossibilities in 2 directories.

# Implicit Rules

%.o: %.c
#  recipe to execute (from 'Makefile', line 20):
	$(CC) $(INCLUDES) $(DEBUG) -c $(CFLAGS) $< -o $@

%.o: %.cpp
#  recipe to execute (from 'Makefile', line 22):
	$(CC) $(INCLUDES) $(DEBUG) -c $(CFLAGS) $< -o $@

# 2 implicit rules, 0 (0.0%) terminal.

# Files

# Not a target:
src/server.o:
#  Implicit rule search has not been done.
#  Modification time never checked.
#  File has not been updated.

# Not a target:
all:
#  Command line target.
#  Implicit rule search has been done.
#  File does not exist.
#  File has not been updated.

.PHONY: clean
#  Implicit rule search has not been done.
#  Modification time never checked.
#  File has not been updated.

# Not a target:
src/main.o:
#  Implicit rule search has not been done.
#  Modification time never checked.
#  File has not been updated.

# Not a target:
Makefile:
#  Implicit rule search has been done.
#  Last modified 2022-07-28 17:22:00.077598352
#  File has been updated.
#  Successfully updated.

# Not a target:
src/cJSON.o:
#  Implicit rule search has not been done.
#  Modification time never checked.
#  File has not been updated.

# Not a target:
.DEFAULT:
#  Implicit rule search has not been done.
#  Modification time never checked.
#  File has not been updated.

clean:
#  Phony target (prerequisite of .PHONY).
#  Implicit rule search has not been done.
#  File does not exist.
#  File has not been updated.
#  recipe to execute (from 'Makefile', line 26):
	@echo "Remove linked and compiled files......"
	rm -rf $(OBJ) build/$(TARGET)

gateway-daemon: src/common.o src/main.o src/cJSON.o src/server.o
#  Implicit rule search has not been done.
#  Modification time never checked.
#  File has not been updated.
#  recipe to execute (from 'Makefile', line 14):
	@mkdir -p build
	$(CC) $(OBJ) $(LIB_PATH) $(LIB_NAMES) -o build/$(TARGET)
	@rm -rf $(OBJ)

# Not a target:
src/common.o:
#  Implicit rule search has not been done.
#  Modification time never checked.
#  File has not been updated.

# files hash-table stats:
# Load=11/1024=1%, Rehash=0, Collisions=0/27=0%
# VPATH Search Paths

# No 'vpath' search paths.

# No general ('VPATH' variable) search path.

# strcache buffers: 1 (0) / strings = 31 / storage = 253 B / avg = 8 B
# current buf: size = 8162 B / used = 253 B / count = 31 / avg = 8 B

# strcache performance: lookups = 42 / hit rate = 26%
# hash-table stats:
# Load=31/8192=0%, Rehash=0, Collisions=5/42=12%
# Finished Make data base on Thu Jul 28 17:22:38 2022

 
